<?xml version="1.0" encoding="UTF-8"?>
<testsuite xmlns:xsi="http://www.w3.org/2001/XMLSchema-instance" xsi:noNamespaceSchemaLocation="https://maven.apache.org/surefire/maven-surefire-plugin/xsd/surefire-test-report.xsd" version="3.0.1" name="ca.yorku.cmg.lob.exchange.ExchangeTest" time="0.118" tests="1" errors="0" skipped="0" failures="1">
  <properties>
    <property name="java.specification.version" value="21"/>
    <property name="sun.jnu.encoding" value="UTF-8"/>
    <property name="java.class.path" value="/Users/fengweiniu/Desktop/itec3030-a1-lob-main/target/test-classes:/Users/fengweiniu/Desktop/itec3030-a1-lob-main/target/classes:/Users/fengweiniu/.m2/repository/org/junit/jupiter/junit-jupiter-api/5.11.0/junit-jupiter-api-5.11.0.jar:/Users/fengweiniu/.m2/repository/org/opentest4j/opentest4j/1.3.0/opentest4j-1.3.0.jar:/Users/fengweiniu/.m2/repository/org/junit/platform/junit-platform-commons/1.11.0/junit-platform-commons-1.11.0.jar:/Users/fengweiniu/.m2/repository/org/apiguardian/apiguardian-api/1.1.2/apiguardian-api-1.1.2.jar:/Users/fengweiniu/.m2/repository/org/junit/jupiter/junit-jupiter-params/5.11.0/junit-jupiter-params-5.11.0.jar:/Users/fengweiniu/Desktop/itec3030-a1-lob-main/bin/lib/core-0.0.1-SNAPSHOT.jar:"/>
    <property name="java.vm.vendor" value="Eclipse Adoptium"/>
    <property name="sun.arch.data.model" value="64"/>
    <property name="java.vendor.url" value="https://adoptium.net/"/>
    <property name="os.name" value="Mac OS X"/>
    <property name="java.vm.specification.version" value="21"/>
    <property name="sun.java.launcher" value="SUN_STANDARD"/>
    <property name="user.country" value="CA"/>
    <property name="sun.boot.library.path" value="/Library/Java/JavaVirtualMachines/temurin-21.jdk/Contents/Home/lib"/>
    <property name="sun.java.command" value="/Users/fengweiniu/Desktop/itec3030-a1-lob-main/target/surefire/surefirebooter-20250216144047934_3.jar /Users/fengweiniu/Desktop/itec3030-a1-lob-main/target/surefire 2025-02-16T14-40-47_816-jvmRun1 surefire-20250216144047934_1tmp surefire_0-20250216144047934_2tmp"/>
    <property name="http.nonProxyHosts" value="local|*.local|169.254/16|*.169.254/16"/>
    <property name="jdk.debug" value="release"/>
    <property name="surefire.test.class.path" value="/Users/fengweiniu/Desktop/itec3030-a1-lob-main/target/test-classes:/Users/fengweiniu/Desktop/itec3030-a1-lob-main/target/classes:/Users/fengweiniu/.m2/repository/org/junit/jupiter/junit-jupiter-api/5.11.0/junit-jupiter-api-5.11.0.jar:/Users/fengweiniu/.m2/repository/org/opentest4j/opentest4j/1.3.0/opentest4j-1.3.0.jar:/Users/fengweiniu/.m2/repository/org/junit/platform/junit-platform-commons/1.11.0/junit-platform-commons-1.11.0.jar:/Users/fengweiniu/.m2/repository/org/apiguardian/apiguardian-api/1.1.2/apiguardian-api-1.1.2.jar:/Users/fengweiniu/.m2/repository/org/junit/jupiter/junit-jupiter-params/5.11.0/junit-jupiter-params-5.11.0.jar:/Users/fengweiniu/Desktop/itec3030-a1-lob-main/bin/lib/core-0.0.1-SNAPSHOT.jar:"/>
    <property name="sun.cpu.endian" value="little"/>
    <property name="user.home" value="/Users/fengweiniu"/>
    <property name="user.language" value="en"/>
    <property name="java.specification.vendor" value="Oracle Corporation"/>
    <property name="java.version.date" value="2024-10-15"/>
    <property name="java.home" value="/Library/Java/JavaVirtualMachines/temurin-21.jdk/Contents/Home"/>
    <property name="file.separator" value="/"/>
    <property name="basedir" value="/Users/fengweiniu/Desktop/itec3030-a1-lob-main"/>
    <property name="java.vm.compressedOopsMode" value="Zero based"/>
    <property name="line.separator" value="&#10;"/>
    <property name="java.vm.specification.vendor" value="Oracle Corporation"/>
    <property name="java.specification.name" value="Java Platform API Specification"/>
    <property name="apple.awt.application.name" value="ForkedBooter"/>
    <property name="surefire.real.class.path" value="/Users/fengweiniu/Desktop/itec3030-a1-lob-main/target/surefire/surefirebooter-20250216144047934_3.jar"/>
    <property name="sun.management.compiler" value="HotSpot 64-Bit Tiered Compilers"/>
    <property name="ftp.nonProxyHosts" value="local|*.local|169.254/16|*.169.254/16"/>
    <property name="java.runtime.version" value="21.0.5+11-LTS"/>
    <property name="user.name" value="fengweiniu"/>
    <property name="stdout.encoding" value="UTF-8"/>
    <property name="path.separator" value=":"/>
    <property name="os.version" value="11.7.10"/>
    <property name="java.runtime.name" value="OpenJDK Runtime Environment"/>
    <property name="file.encoding" value="UTF-8"/>
    <property name="java.vm.name" value="OpenJDK 64-Bit Server VM"/>
    <property name="java.vendor.version" value="Temurin-21.0.5+11"/>
    <property name="localRepository" value="/Users/fengweiniu/.m2/repository"/>
    <property name="java.vendor.url.bug" value="https://github.com/adoptium/adoptium-support/issues"/>
    <property name="java.io.tmpdir" value="/var/folders/vz/pml17bzs3279x68wdg74wd9m0000gn/T/"/>
    <property name="java.version" value="21.0.5"/>
    <property name="user.dir" value="/Users/fengweiniu/Desktop/itec3030-a1-lob-main"/>
    <property name="os.arch" value="x86_64"/>
    <property name="java.vm.specification.name" value="Java Virtual Machine Specification"/>
    <property name="native.encoding" value="UTF-8"/>
    <property name="java.library.path" value="/Users/fengweiniu/Library/Java/Extensions:/Library/Java/Extensions:/Network/Library/Java/Extensions:/System/Library/Java/Extensions:/usr/lib/java:."/>
    <property name="java.vm.info" value="mixed mode"/>
    <property name="stderr.encoding" value="UTF-8"/>
    <property name="java.vendor" value="Eclipse Adoptium"/>
    <property name="java.vm.version" value="21.0.5+11-LTS"/>
    <property name="sun.io.unicode.encoding" value="UnicodeBig"/>
    <property name="socksNonProxyHosts" value="local|*.local|169.254/16|*.169.254/16"/>
    <property name="java.class.version" value="65.0"/>
  </properties>
  <testcase name="testSubmitOrder" classname="ca.yorku.cmg.lob.exchange.ExchangeTest" time="0.082">
    <failure message="expected: &lt;[  5  MSFT   425.86         3       520     52]&#10;[  4  MSFT   476.85        29       860     86]&#10;[  7  MSFT   914.54        27      1250    125]&#10;[  7  GOOG   351.53        48       450     45]&#10;[  6  GOOG   253.95         4       290     29]&#10;[  1  META  1061.73         6       500     50]&#10;[  2  META  1070.07        45       350     35]&#10;[  5  META  1074.56        20       840     84]&#10;[  1  NVDA   200.80         5      1150    115]&#10;[  8  AAPL   496.14        49       540     54]&#10;[  3  AAPL   361.50        39       480     48]&#10;[  5  TSLA   508.21        16       670     67]&#10;[  7  TSLA   657.61        45      1190    119]&#10;[  4  AVGO   186.06        10       130     13]&#10;[  5  AVGO   229.30        34      1070    107]&#10;[  3  AVGO   292.86        26      1020    102]&#10;[  6  AVGO   350.71        11       910     91]&#10;[  1  AVGO   414.07        24       800     80]&#10;[  7  AVGO   435.33        18      1110    111]&#10;[  2  AMZN   277.85        13        20      2]&#10;[  1  AMZN   279.87        23      1010    101]&#10;[  8  AMZN   283.60        17       380     38]&#10;[  6  AMZN   303.42        26       360     36]&#10;[  5  AMZN   335.44        19      1130    113]&#10;&gt; but was: &lt;[  3  MSFT   880.77        14       230     23]&#10;[  7  MSFT   914.54        27      1250    125]&#10;[  8  GOOG   249.41        23       870     87]&#10;[  6  GOOG   253.95        19       290     29]&#10;[  4  GOOG   267.21        21      1090    109]&#10;[  3  GOOG   278.70         5       160     16]&#10;[  7  GOOG   351.53        49       450     45]&#10;[  2  GOOG   455.82        20       470     47]&#10;[  4  META  1011.28        26       960     96]&#10;[  1  META  1061.73        26       500     50]&#10;[  2  META  1070.07        45       350     35]&#10;[  5  META  1074.56        20       840     84]&#10;[  4  NVDA   187.27        36      1230    123]&#10;[  1  NVDA   200.80        13      1150    115]&#10;[  8  NVDA   265.12         1       340     34]&#10;[  2  NVDA   287.82        27      1220    122]&#10;[  2  AAPL   273.57        14      1040    104]&#10;[  5  AAPL   458.30        47      1120    112]&#10;[  6  AAPL   464.60        10       900     90]&#10;[  8  AAPL   496.14        49       540     54]&#10;[  7  AAPL   555.54        18       330     33]&#10;[  7  TSLA   657.61        27      1190    119]&#10;[  3  TSLA   722.30        38        30      3]&#10;[  7  AVGO   435.33        18      1110    111]&#10;[  5  AMZN   335.44         7      1130    113]&#10;[  3  AMZN   443.67        47       790     79]&#10;&gt;" type="org.opentest4j.AssertionFailedError"><![CDATA[org.opentest4j.AssertionFailedError: 
expected: <[  5  MSFT   425.86         3       520     52]
[  4  MSFT   476.85        29       860     86]
[  7  MSFT   914.54        27      1250    125]
[  7  GOOG   351.53        48       450     45]
[  6  GOOG   253.95         4       290     29]
[  1  META  1061.73         6       500     50]
[  2  META  1070.07        45       350     35]
[  5  META  1074.56        20       840     84]
[  1  NVDA   200.80         5      1150    115]
[  8  AAPL   496.14        49       540     54]
[  3  AAPL   361.50        39       480     48]
[  5  TSLA   508.21        16       670     67]
[  7  TSLA   657.61        45      1190    119]
[  4  AVGO   186.06        10       130     13]
[  5  AVGO   229.30        34      1070    107]
[  3  AVGO   292.86        26      1020    102]
[  6  AVGO   350.71        11       910     91]
[  1  AVGO   414.07        24       800     80]
[  7  AVGO   435.33        18      1110    111]
[  2  AMZN   277.85        13        20      2]
[  1  AMZN   279.87        23      1010    101]
[  8  AMZN   283.60        17       380     38]
[  6  AMZN   303.42        26       360     36]
[  5  AMZN   335.44        19      1130    113]
> but was: <[  3  MSFT   880.77        14       230     23]
[  7  MSFT   914.54        27      1250    125]
[  8  GOOG   249.41        23       870     87]
[  6  GOOG   253.95        19       290     29]
[  4  GOOG   267.21        21      1090    109]
[  3  GOOG   278.70         5       160     16]
[  7  GOOG   351.53        49       450     45]
[  2  GOOG   455.82        20       470     47]
[  4  META  1011.28        26       960     96]
[  1  META  1061.73        26       500     50]
[  2  META  1070.07        45       350     35]
[  5  META  1074.56        20       840     84]
[  4  NVDA   187.27        36      1230    123]
[  1  NVDA   200.80        13      1150    115]
[  8  NVDA   265.12         1       340     34]
[  2  NVDA   287.82        27      1220    122]
[  2  AAPL   273.57        14      1040    104]
[  5  AAPL   458.30        47      1120    112]
[  6  AAPL   464.60        10       900     90]
[  8  AAPL   496.14        49       540     54]
[  7  AAPL   555.54        18       330     33]
[  7  TSLA   657.61        27      1190    119]
[  3  TSLA   722.30        38        30      3]
[  7  AVGO   435.33        18      1110    111]
[  5  AMZN   335.44         7      1130    113]
[  3  AMZN   443.67        47       790     79]
>
	at org.junit.jupiter.api.AssertionFailureBuilder.build(AssertionFailureBuilder.java:151)
	at org.junit.jupiter.api.AssertionFailureBuilder.buildAndThrow(AssertionFailureBuilder.java:132)
	at org.junit.jupiter.api.AssertEquals.failNotEqual(AssertEquals.java:197)
	at org.junit.jupiter.api.AssertEquals.assertEquals(AssertEquals.java:182)
	at org.junit.jupiter.api.AssertEquals.assertEquals(AssertEquals.java:177)
	at org.junit.jupiter.api.Assertions.assertEquals(Assertions.java:1145)
	at ca.yorku.cmg.lob.exchange.ExchangeTest.testSubmitOrder(ExchangeTest.java:59)
	at java.base/java.lang.reflect.Method.invoke(Method.java:580)
	at java.base/java.util.ArrayList.forEach(ArrayList.java:1596)
	at java.base/java.util.ArrayList.forEach(ArrayList.java:1596)
]]></failure>
    <system-err><![CDATA[Order validation: seller with ID 6 not enough shares of NVDA: has -11 and tries to sell 37
Order validation: buyer with ID 5 does not have enough balance: has $1,934.30 and tries to buy for $28,968.30
Order validation: buyer with ID 5 does not have enough balance: has $1,934.30 and tries to buy for $3,371.55
Order validation: buyer with ID 5 does not have enough balance: has $1,934.30 and tries to buy for $7,318.48
Order validation: seller with ID 6 not enough shares of TSLA: has -15 and tries to sell 31
Order validation: seller with ID 8 not enough shares of META: has 14 and tries to sell 24
Order validation: seller with ID 8 not enough shares of MSFT: has -24 and tries to sell 31
Order validation: seller with ID 1 not enough shares of AAPL: has -2 and tries to sell 21
Order validation: seller with ID 3 not enough shares of AMZN: has 18 and tries to sell 47
Order validation: seller with ID 8 not enough shares of TSLA: has -8 and tries to sell 20
Order validation: seller with ID 4 not enough shares of AMZN: has 15 and tries to sell 17
Order validation: seller with ID 3 not enough shares of NVDA: has -22 and tries to sell 31
Order validation: seller with ID 8 not enough shares of GOOG: has -25 and tries to sell 23
Order validation: seller with ID 6 not enough shares of AAPL: has 2 and tries to sell 37
Order validation: seller with ID 8 not enough shares of AVGO: has -33 and tries to sell 28
Order validation: seller with ID 4 not enough shares of META: has -10 and tries to sell 29
Order validation: seller with ID 1 not enough shares of MSFT: has -23 and tries to sell 21
Order validation: seller with ID 5 not enough shares of AAPL: has 25 and tries to sell 47
Order validation: seller with ID 7 not enough shares of AMZN: has -11 and tries to sell 44
Order validation: seller with ID 2 not enough shares of NVDA: has 5 and tries to sell 27
Order validation: seller with ID 4 not enough shares of NVDA: has 11 and tries to sell 36
Order validation: seller with ID 2 not enough shares of AVGO: has -13 and tries to sell 26
]]></system-err>
  </testcase>
</testsuite>